2018-10-03 10:24:37,679 [ModalContext] INFO  c.n.h.c.p.n.NettyAsyncHttpProvider - Number of application's worked threads is 8
2018-10-03 10:24:38,974 [New I/O client worker #1-1] INFO  o.e.m.c.i.e.AbstractTransferListenerAdapter - Downloading http://repo.maven.apache.org/maven2/org/apache/maven/archetypes/maven-archetype-quickstart/maven-metadata.xml
2018-10-03 10:24:38,981 [New I/O client worker #1-1] INFO  o.e.m.c.i.e.AbstractTransferListenerAdapter - Downloaded http://repo.maven.apache.org/maven2/org/apache/maven/archetypes/maven-archetype-quickstart/maven-metadata.xml
2018-10-03 10:24:39,354 [ModalContext] INFO  c.n.h.c.p.n.NettyAsyncHttpProvider - Number of application's worked threads is 8
2018-10-03 10:24:39,954 [New I/O client worker #2-1] INFO  o.e.m.c.i.e.AbstractTransferListenerAdapter - Downloading http://repo.maven.apache.org/maven2/org/apache/maven/archetypes/maven-archetype-quickstart/1.3/maven-archetype-quickstart-1.3.jar
2018-10-03 10:24:39,955 [New I/O client worker #2-1] INFO  o.e.m.c.i.e.AbstractTransferListenerAdapter - Downloaded http://repo.maven.apache.org/maven2/org/apache/maven/archetypes/maven-archetype-quickstart/1.3/maven-archetype-quickstart-1.3.jar
2018-10-03 10:26:25,460 [Worker-24] INFO  c.n.h.c.p.n.NettyAsyncHttpProvider - Number of application's worked threads is 8
2018-10-03 10:26:26,224 [New I/O client worker #3-1] INFO  o.e.m.c.i.e.AbstractTransferListenerAdapter - Downloading http://repo.maven.apache.org/maven2/org/apache/maven/archetypes/maven-archetype-quickstart/1.3/maven-archetype-quickstart-1.3.pom
2018-10-03 10:26:26,226 [New I/O client worker #3-1] INFO  o.e.m.c.i.e.AbstractTransferListenerAdapter - Downloaded http://repo.maven.apache.org/maven2/org/apache/maven/archetypes/maven-archetype-quickstart/1.3/maven-archetype-quickstart-1.3.pom
2018-10-03 10:26:26,539 [pool-7-thread-1] INFO  o.e.m.c.i.e.AbstractTransferListenerAdapter - Downloaded file:///C:/Users/sayakar/.m2/repository/org/apache/maven/archetypes/maven-archetype-quickstart/1.3/maven-archetype-quickstart-1.3.jar
2018-10-03 10:26:26,621 [Worker-24] INFO  o.e.m.c.i.p.ProjectConfigurationManager - Collecting project info '/pom.xml' D:\BasicProgramProject\Bank-Application\pom.xml
2018-10-03 10:26:27,906 [Worker-24] INFO  c.n.h.c.p.n.NettyAsyncHttpProvider - Number of application's worked threads is 8
2018-10-03 10:26:28,505 [New I/O client worker #4-1] INFO  o.e.m.c.i.e.AbstractTransferListenerAdapter - Downloading http://repo.maven.apache.org/maven2/org/apache/maven/plugins/maven-surefire-plugin/2.20.1/maven-surefire-plugin-2.20.1.jar
2018-10-03 10:26:29,812 [New I/O client worker #4-1] INFO  o.e.m.c.i.e.AbstractTransferListenerAdapter - Downloaded http://repo.maven.apache.org/maven2/org/apache/maven/plugins/maven-surefire-plugin/2.20.1/maven-surefire-plugin-2.20.1.jar
2018-10-03 10:26:30,608 [Worker-24] WARN  o.e.m.c.i.embedder.EclipseLogger - Failed to dispatch repository event to org.eclipse.m2e.core.internal.embedder.EclipseRepositoryListener: null
2018-10-03 10:26:33,484 [Worker-24] INFO  o.e.m.c.i.l.LifecycleMappingFactory - Using org.eclipse.m2e.jdt.JarLifecycleMapping lifecycle mapping for MavenProject: com.capgemini.Bank:Bank-Application:0.0.1-SNAPSHOT @ D:\BasicProgramProject\Bank-Application\pom.xml.
2018-10-03 10:26:33,694 [Worker-24] INFO  c.n.h.c.p.n.NettyAsyncHttpProvider - Number of application's worked threads is 8
2018-10-03 10:26:34,391 [New I/O client worker #5-1] INFO  o.e.m.c.i.e.AbstractTransferListenerAdapter - Downloading http://repo.maven.apache.org/maven2/org/apache/maven/plugins/maven-surefire-plugin/2.20.1/maven-surefire-plugin-2.20.1.pom
2018-10-03 10:26:34,393 [New I/O client worker #5-1] INFO  o.e.m.c.i.e.AbstractTransferListenerAdapter - Downloaded http://repo.maven.apache.org/maven2/org/apache/maven/plugins/maven-surefire-plugin/2.20.1/maven-surefire-plugin-2.20.1.pom
2018-10-03 10:26:34,785 [Worker-24] INFO  c.n.h.c.p.n.NettyAsyncHttpProvider - Number of application's worked threads is 8
2018-10-03 10:26:35,470 [New I/O client worker #6-1] INFO  o.e.m.c.i.e.AbstractTransferListenerAdapter - Downloading http://repo.maven.apache.org/maven2/org/apache/maven/surefire/surefire/2.20.1/surefire-2.20.1.pom
2018-10-03 10:26:36,982 [New I/O client worker #6-1] INFO  o.e.m.c.i.e.AbstractTransferListenerAdapter - Downloaded http://repo.maven.apache.org/maven2/org/apache/maven/surefire/surefire/2.20.1/surefire-2.20.1.pom
2018-10-03 10:26:42,369 [Worker-30] INFO  o.e.m.c.i.l.LifecycleMappingFactory - Using org.eclipse.m2e.jdt.JarLifecycleMapping lifecycle mapping for MavenProject: com.capgemini.Bank:Bank-Application:0.0.1-SNAPSHOT @ D:\BasicProgramProject\Bank-Application\pom.xml.
2018-10-03 10:26:42,390 [Worker-24] INFO  o.e.m.j.i.AbstractJavaProjectConfigurator - Adding source folder /Bank-Application/src/main/java
2018-10-03 10:26:42,396 [Worker-24] INFO  o.e.m.j.i.AbstractJavaProjectConfigurator - Adding source folder /Bank-Application/src/test/java
2018-10-03 10:26:42,876 [Worker-24] INFO  o.e.m.c.i.p.ProjectConfigurationManager - Project import completed 16 sec
2018-10-03 10:26:47,026 [Worker-28] INFO  o.e.m.c.i.l.LifecycleMappingFactory - Using org.eclipse.m2e.jdt.JarLifecycleMapping lifecycle mapping for MavenProject: com.capgemini.Bank:Bank-Application:0.0.1-SNAPSHOT @ D:\BasicProgramProject\Bank-Application\pom.xml.
2018-10-03 10:26:47,099 [Worker-28] INFO  o.e.m.c.i.embedder.EclipseLogger - Using 'UTF-8' encoding to copy filtered resources.
2018-10-03 10:26:47,100 [Worker-28] INFO  o.e.m.c.i.embedder.EclipseLogger - skip non existing resourceDirectory D:\BasicProgramProject\Bank-Application\src\main\resources
2018-10-03 10:26:47,101 [Worker-28] INFO  o.e.m.c.i.embedder.EclipseLogger - Using 'UTF-8' encoding to copy filtered resources.
2018-10-03 10:26:47,101 [Worker-28] INFO  o.e.m.c.i.embedder.EclipseLogger - skip non existing resourceDirectory D:\BasicProgramProject\Bank-Application\src\test\resources
2018-10-03 10:27:20,570 [Worker-30] INFO  o.e.m.i.launch.MavenLaunchDelegate - D:\BasicProgramProject\Bank-Application
2018-10-03 10:27:20,571 [Worker-30] INFO  o.e.m.i.launch.MavenLaunchDelegate -  mvn  -B install
2018-10-03 10:27:44,368 [Worker-30] INFO  o.e.m.c.i.embedder.EclipseLogger - Using 'UTF-8' encoding to copy filtered resources.
2018-10-03 10:27:44,369 [Worker-30] INFO  o.e.m.c.i.embedder.EclipseLogger - skip non existing resourceDirectory D:\BasicProgramProject\Bank-Application\src\main\resources
2018-10-03 10:27:44,371 [Worker-30] INFO  o.e.m.c.i.embedder.EclipseLogger - Using 'UTF-8' encoding to copy filtered resources.
2018-10-03 10:27:44,371 [Worker-30] INFO  o.e.m.c.i.embedder.EclipseLogger - skip non existing resourceDirectory D:\BasicProgramProject\Bank-Application\src\test\resources
2018-10-03 10:44:35,873 [Worker-26] INFO  o.e.m.c.i.embedder.EclipseLogger - Using 'UTF-8' encoding to copy filtered resources.
2018-10-03 10:44:35,873 [Worker-26] INFO  o.e.m.c.i.embedder.EclipseLogger - skip non existing resourceDirectory D:\BasicProgramProject\Bank-Application\src\main\resources
2018-10-03 10:44:35,874 [Worker-26] INFO  o.e.m.c.i.embedder.EclipseLogger - Using 'UTF-8' encoding to copy filtered resources.
2018-10-03 10:44:35,874 [Worker-26] INFO  o.e.m.c.i.embedder.EclipseLogger - skip non existing resourceDirectory D:\BasicProgramProject\Bank-Application\src\test\resources
2018-10-03 10:55:15,017 [Worker-47] INFO  o.e.m.c.i.embedder.EclipseLogger - Using 'UTF-8' encoding to copy filtered resources.
2018-10-03 10:55:15,018 [Worker-47] INFO  o.e.m.c.i.embedder.EclipseLogger - skip non existing resourceDirectory D:\BasicProgramProject\Bank-Application\src\main\resources
2018-10-03 10:55:15,019 [Worker-47] INFO  o.e.m.c.i.embedder.EclipseLogger - Using 'UTF-8' encoding to copy filtered resources.
2018-10-03 10:55:15,019 [Worker-47] INFO  o.e.m.c.i.embedder.EclipseLogger - skip non existing resourceDirectory D:\BasicProgramProject\Bank-Application\src\test\resources
2018-10-03 10:59:26,850 [Worker-53] INFO  o.e.m.c.i.embedder.EclipseLogger - Using 'UTF-8' encoding to copy filtered resources.
2018-10-03 10:59:26,851 [Worker-53] INFO  o.e.m.c.i.embedder.EclipseLogger - skip non existing resourceDirectory D:\BasicProgramProject\Bank-Application\src\main\resources
2018-10-03 10:59:26,852 [Worker-53] INFO  o.e.m.c.i.embedder.EclipseLogger - Using 'UTF-8' encoding to copy filtered resources.
2018-10-03 10:59:26,853 [Worker-53] INFO  o.e.m.c.i.embedder.EclipseLogger - skip non existing resourceDirectory D:\BasicProgramProject\Bank-Application\src\test\resources
2018-10-03 11:10:46,912 [Worker-57] INFO  o.e.m.c.i.embedder.EclipseLogger - Using 'UTF-8' encoding to copy filtered resources.
2018-10-03 11:10:46,912 [Worker-57] INFO  o.e.m.c.i.embedder.EclipseLogger - skip non existing resourceDirectory D:\BasicProgramProject\Bank-Application\src\main\resources
2018-10-03 11:10:46,913 [Worker-57] INFO  o.e.m.c.i.embedder.EclipseLogger - Using 'UTF-8' encoding to copy filtered resources.
2018-10-03 11:10:46,913 [Worker-57] INFO  o.e.m.c.i.embedder.EclipseLogger - skip non existing resourceDirectory D:\BasicProgramProject\Bank-Application\src\test\resources
2018-10-03 11:24:41,630 [Worker-70] INFO  o.e.m.c.i.embedder.EclipseLogger - Using 'UTF-8' encoding to copy filtered resources.
2018-10-03 11:24:41,630 [Worker-70] INFO  o.e.m.c.i.embedder.EclipseLogger - skip non existing resourceDirectory D:\BasicProgramProject\Bank-Application\src\main\resources
2018-10-03 11:24:41,632 [Worker-70] INFO  o.e.m.c.i.embedder.EclipseLogger - Using 'UTF-8' encoding to copy filtered resources.
2018-10-03 11:24:41,632 [Worker-70] INFO  o.e.m.c.i.embedder.EclipseLogger - skip non existing resourceDirectory D:\BasicProgramProject\Bank-Application\src\test\resources
2018-10-03 11:25:38,925 [Worker-74] INFO  o.e.m.c.i.embedder.EclipseLogger - Using 'UTF-8' encoding to copy filtered resources.
2018-10-03 11:25:38,925 [Worker-74] INFO  o.e.m.c.i.embedder.EclipseLogger - skip non existing resourceDirectory D:\BasicProgramProject\Bank-Application\src\main\resources
2018-10-03 11:25:38,927 [Worker-74] INFO  o.e.m.c.i.embedder.EclipseLogger - Using 'UTF-8' encoding to copy filtered resources.
2018-10-03 11:25:38,927 [Worker-74] INFO  o.e.m.c.i.embedder.EclipseLogger - skip non existing resourceDirectory D:\BasicProgramProject\Bank-Application\src\test\resources
2018-10-03 11:41:10,013 [Worker-79] INFO  o.e.m.c.i.embedder.EclipseLogger - Using 'UTF-8' encoding to copy filtered resources.
2018-10-03 11:41:10,013 [Worker-79] INFO  o.e.m.c.i.embedder.EclipseLogger - skip non existing resourceDirectory D:\BasicProgramProject\Bank-Application\src\main\resources
2018-10-03 11:41:10,014 [Worker-79] INFO  o.e.m.c.i.embedder.EclipseLogger - Using 'UTF-8' encoding to copy filtered resources.
2018-10-03 11:41:10,014 [Worker-79] INFO  o.e.m.c.i.embedder.EclipseLogger - skip non existing resourceDirectory D:\BasicProgramProject\Bank-Application\src\test\resources
2018-10-03 11:41:58,366 [Worker-78] INFO  o.e.m.c.i.embedder.EclipseLogger - Using 'UTF-8' encoding to copy filtered resources.
2018-10-03 11:41:58,366 [Worker-78] INFO  o.e.m.c.i.embedder.EclipseLogger - skip non existing resourceDirectory D:\BasicProgramProject\Bank-Application\src\main\resources
2018-10-03 11:41:58,367 [Worker-78] INFO  o.e.m.c.i.embedder.EclipseLogger - Using 'UTF-8' encoding to copy filtered resources.
2018-10-03 11:41:58,367 [Worker-78] INFO  o.e.m.c.i.embedder.EclipseLogger - skip non existing resourceDirectory D:\BasicProgramProject\Bank-Application\src\test\resources
2018-10-03 11:43:15,501 [Worker-85] INFO  o.e.m.c.i.embedder.EclipseLogger - Using 'UTF-8' encoding to copy filtered resources.
2018-10-03 11:43:15,501 [Worker-85] INFO  o.e.m.c.i.embedder.EclipseLogger - skip non existing resourceDirectory D:\BasicProgramProject\Bank-Application\src\main\resources
2018-10-03 11:43:15,502 [Worker-85] INFO  o.e.m.c.i.embedder.EclipseLogger - Using 'UTF-8' encoding to copy filtered resources.
2018-10-03 11:43:15,503 [Worker-85] INFO  o.e.m.c.i.embedder.EclipseLogger - skip non existing resourceDirectory D:\BasicProgramProject\Bank-Application\src\test\resources
2018-10-03 11:43:56,802 [Worker-81] INFO  o.e.m.c.i.embedder.EclipseLogger - Using 'UTF-8' encoding to copy filtered resources.
2018-10-03 11:43:56,802 [Worker-81] INFO  o.e.m.c.i.embedder.EclipseLogger - skip non existing resourceDirectory D:\BasicProgramProject\Bank-Application\src\main\resources
2018-10-03 11:43:56,802 [Worker-81] INFO  o.e.m.c.i.embedder.EclipseLogger - Using 'UTF-8' encoding to copy filtered resources.
2018-10-03 11:43:56,803 [Worker-81] INFO  o.e.m.c.i.embedder.EclipseLogger - skip non existing resourceDirectory D:\BasicProgramProject\Bank-Application\src\test\resources
2018-10-03 11:46:26,772 [Worker-81] INFO  o.e.m.c.i.embedder.EclipseLogger - Using 'UTF-8' encoding to copy filtered resources.
2018-10-03 11:46:26,773 [Worker-81] INFO  o.e.m.c.i.embedder.EclipseLogger - skip non existing resourceDirectory D:\BasicProgramProject\Bank-Application\src\main\resources
2018-10-03 11:46:26,775 [Worker-81] INFO  o.e.m.c.i.embedder.EclipseLogger - Using 'UTF-8' encoding to copy filtered resources.
2018-10-03 11:46:26,776 [Worker-81] INFO  o.e.m.c.i.embedder.EclipseLogger - skip non existing resourceDirectory D:\BasicProgramProject\Bank-Application\src\test\resources
2018-10-03 11:46:45,314 [Worker-81] INFO  o.e.m.c.i.embedder.EclipseLogger - Using 'UTF-8' encoding to copy filtered resources.
2018-10-03 11:46:45,314 [Worker-81] INFO  o.e.m.c.i.embedder.EclipseLogger - skip non existing resourceDirectory D:\BasicProgramProject\Bank-Application\src\main\resources
2018-10-03 11:46:45,318 [Worker-81] INFO  o.e.m.c.i.embedder.EclipseLogger - Using 'UTF-8' encoding to copy filtered resources.
2018-10-03 11:46:45,318 [Worker-81] INFO  o.e.m.c.i.embedder.EclipseLogger - skip non existing resourceDirectory D:\BasicProgramProject\Bank-Application\src\test\resources
2018-10-03 11:48:58,433 [Worker-81] INFO  o.e.m.c.i.embedder.EclipseLogger - Using 'UTF-8' encoding to copy filtered resources.
2018-10-03 11:48:58,433 [Worker-81] INFO  o.e.m.c.i.embedder.EclipseLogger - skip non existing resourceDirectory D:\BasicProgramProject\Bank-Application\src\main\resources
2018-10-03 11:48:58,434 [Worker-81] INFO  o.e.m.c.i.embedder.EclipseLogger - Using 'UTF-8' encoding to copy filtered resources.
2018-10-03 11:48:58,434 [Worker-81] INFO  o.e.m.c.i.embedder.EclipseLogger - skip non existing resourceDirectory D:\BasicProgramProject\Bank-Application\src\test\resources
2018-10-03 11:55:19,544 [Worker-90] INFO  o.e.m.c.i.embedder.EclipseLogger - Using 'UTF-8' encoding to copy filtered resources.
2018-10-03 11:55:19,544 [Worker-90] INFO  o.e.m.c.i.embedder.EclipseLogger - skip non existing resourceDirectory D:\BasicProgramProject\Bank-Application\src\main\resources
2018-10-03 11:55:19,546 [Worker-90] INFO  o.e.m.c.i.embedder.EclipseLogger - Using 'UTF-8' encoding to copy filtered resources.
2018-10-03 11:55:19,546 [Worker-90] INFO  o.e.m.c.i.embedder.EclipseLogger - skip non existing resourceDirectory D:\BasicProgramProject\Bank-Application\src\test\resources
2018-10-03 11:55:32,573 [Worker-89] INFO  o.e.m.c.i.embedder.EclipseLogger - Using 'UTF-8' encoding to copy filtered resources.
2018-10-03 11:55:32,573 [Worker-89] INFO  o.e.m.c.i.embedder.EclipseLogger - skip non existing resourceDirectory D:\BasicProgramProject\Bank-Application\src\main\resources
2018-10-03 11:55:32,574 [Worker-89] INFO  o.e.m.c.i.embedder.EclipseLogger - Using 'UTF-8' encoding to copy filtered resources.
2018-10-03 11:55:32,574 [Worker-89] INFO  o.e.m.c.i.embedder.EclipseLogger - skip non existing resourceDirectory D:\BasicProgramProject\Bank-Application\src\test\resources
2018-10-03 11:58:10,383 [Worker-90] INFO  o.e.m.c.i.embedder.EclipseLogger - Using 'UTF-8' encoding to copy filtered resources.
2018-10-03 11:58:10,383 [Worker-90] INFO  o.e.m.c.i.embedder.EclipseLogger - skip non existing resourceDirectory D:\BasicProgramProject\Bank-Application\src\main\resources
2018-10-03 11:58:10,383 [Worker-90] INFO  o.e.m.c.i.embedder.EclipseLogger - Using 'UTF-8' encoding to copy filtered resources.
2018-10-03 11:58:10,384 [Worker-90] INFO  o.e.m.c.i.embedder.EclipseLogger - skip non existing resourceDirectory D:\BasicProgramProject\Bank-Application\src\test\resources
2018-10-03 11:58:47,236 [Worker-90] INFO  o.e.m.c.i.embedder.EclipseLogger - Using 'UTF-8' encoding to copy filtered resources.
2018-10-03 11:58:47,236 [Worker-90] INFO  o.e.m.c.i.embedder.EclipseLogger - skip non existing resourceDirectory D:\BasicProgramProject\Bank-Application\src\main\resources
2018-10-03 11:58:47,237 [Worker-90] INFO  o.e.m.c.i.embedder.EclipseLogger - Using 'UTF-8' encoding to copy filtered resources.
2018-10-03 11:58:47,237 [Worker-90] INFO  o.e.m.c.i.embedder.EclipseLogger - skip non existing resourceDirectory D:\BasicProgramProject\Bank-Application\src\test\resources
2018-10-03 12:01:11,010 [Worker-91] INFO  o.e.m.c.i.embedder.EclipseLogger - Using 'UTF-8' encoding to copy filtered resources.
2018-10-03 12:01:11,010 [Worker-91] INFO  o.e.m.c.i.embedder.EclipseLogger - skip non existing resourceDirectory D:\BasicProgramProject\Bank-Application\src\main\resources
2018-10-03 12:01:11,010 [Worker-91] INFO  o.e.m.c.i.embedder.EclipseLogger - Using 'UTF-8' encoding to copy filtered resources.
2018-10-03 12:01:11,011 [Worker-91] INFO  o.e.m.c.i.embedder.EclipseLogger - skip non existing resourceDirectory D:\BasicProgramProject\Bank-Application\src\test\resources
2018-10-03 12:02:42,542 [Worker-91] INFO  o.e.m.c.i.embedder.EclipseLogger - Using 'UTF-8' encoding to copy filtered resources.
2018-10-03 12:02:42,543 [Worker-91] INFO  o.e.m.c.i.embedder.EclipseLogger - skip non existing resourceDirectory D:\BasicProgramProject\Bank-Application\src\main\resources
2018-10-03 12:02:42,544 [Worker-91] INFO  o.e.m.c.i.embedder.EclipseLogger - Using 'UTF-8' encoding to copy filtered resources.
2018-10-03 12:02:42,544 [Worker-91] INFO  o.e.m.c.i.embedder.EclipseLogger - skip non existing resourceDirectory D:\BasicProgramProject\Bank-Application\src\test\resources
2018-10-03 12:03:55,297 [Worker-95] INFO  o.e.m.c.i.embedder.EclipseLogger - Using 'UTF-8' encoding to copy filtered resources.
2018-10-03 12:03:55,298 [Worker-95] INFO  o.e.m.c.i.embedder.EclipseLogger - skip non existing resourceDirectory D:\BasicProgramProject\Bank-Application\src\main\resources
2018-10-03 12:03:55,298 [Worker-95] INFO  o.e.m.c.i.embedder.EclipseLogger - Using 'UTF-8' encoding to copy filtered resources.
2018-10-03 12:03:55,298 [Worker-95] INFO  o.e.m.c.i.embedder.EclipseLogger - skip non existing resourceDirectory D:\BasicProgramProject\Bank-Application\src\test\resources
2018-10-03 12:04:18,261 [Worker-94] INFO  o.e.m.c.i.embedder.EclipseLogger - Using 'UTF-8' encoding to copy filtered resources.
2018-10-03 12:04:18,261 [Worker-94] INFO  o.e.m.c.i.embedder.EclipseLogger - skip non existing resourceDirectory D:\BasicProgramProject\Bank-Application\src\main\resources
2018-10-03 12:04:18,262 [Worker-94] INFO  o.e.m.c.i.embedder.EclipseLogger - Using 'UTF-8' encoding to copy filtered resources.
2018-10-03 12:04:18,262 [Worker-94] INFO  o.e.m.c.i.embedder.EclipseLogger - skip non existing resourceDirectory D:\BasicProgramProject\Bank-Application\src\test\resources
2018-10-03 12:32:05,505 [Worker-109] INFO  o.e.m.c.i.embedder.EclipseLogger - Using 'UTF-8' encoding to copy filtered resources.
2018-10-03 12:32:05,505 [Worker-109] INFO  o.e.m.c.i.embedder.EclipseLogger - skip non existing resourceDirectory D:\BasicProgramProject\Bank-Application\src\main\resources
2018-10-03 12:32:05,506 [Worker-109] INFO  o.e.m.c.i.embedder.EclipseLogger - Using 'UTF-8' encoding to copy filtered resources.
2018-10-03 12:32:05,506 [Worker-109] INFO  o.e.m.c.i.embedder.EclipseLogger - skip non existing resourceDirectory D:\BasicProgramProject\Bank-Application\src\test\resources
2018-10-03 12:32:21,707 [Worker-109] INFO  o.e.m.c.i.embedder.EclipseLogger - Using 'UTF-8' encoding to copy filtered resources.
2018-10-03 12:32:21,707 [Worker-109] INFO  o.e.m.c.i.embedder.EclipseLogger - skip non existing resourceDirectory D:\BasicProgramProject\Bank-Application\src\main\resources
2018-10-03 12:32:21,708 [Worker-109] INFO  o.e.m.c.i.embedder.EclipseLogger - Using 'UTF-8' encoding to copy filtered resources.
2018-10-03 12:32:21,709 [Worker-109] INFO  o.e.m.c.i.embedder.EclipseLogger - skip non existing resourceDirectory D:\BasicProgramProject\Bank-Application\src\test\resources
2018-10-03 12:34:54,364 [Worker-110] INFO  o.e.m.c.i.embedder.EclipseLogger - Using 'UTF-8' encoding to copy filtered resources.
2018-10-03 12:34:54,365 [Worker-110] INFO  o.e.m.c.i.embedder.EclipseLogger - skip non existing resourceDirectory D:\BasicProgramProject\Bank-Application\src\main\resources
2018-10-03 12:34:54,365 [Worker-110] INFO  o.e.m.c.i.embedder.EclipseLogger - Using 'UTF-8' encoding to copy filtered resources.
2018-10-03 12:34:54,365 [Worker-110] INFO  o.e.m.c.i.embedder.EclipseLogger - skip non existing resourceDirectory D:\BasicProgramProject\Bank-Application\src\test\resources
2018-10-03 13:26:42,262 [Worker-135] INFO  o.e.m.c.i.embedder.EclipseLogger - Using 'UTF-8' encoding to copy filtered resources.
2018-10-03 13:26:42,263 [Worker-135] INFO  o.e.m.c.i.embedder.EclipseLogger - skip non existing resourceDirectory D:\BasicProgramProject\Bank-Application\src\main\resources
2018-10-03 13:26:42,264 [Worker-135] INFO  o.e.m.c.i.embedder.EclipseLogger - Using 'UTF-8' encoding to copy filtered resources.
2018-10-03 13:26:42,264 [Worker-135] INFO  o.e.m.c.i.embedder.EclipseLogger - skip non existing resourceDirectory D:\BasicProgramProject\Bank-Application\src\test\resources
2018-10-03 13:33:04,885 [Worker-147] INFO  o.e.m.c.i.embedder.EclipseLogger - Using 'UTF-8' encoding to copy filtered resources.
2018-10-03 13:33:04,885 [Worker-147] INFO  o.e.m.c.i.embedder.EclipseLogger - skip non existing resourceDirectory D:\BasicProgramProject\Bank-Application\src\main\resources
2018-10-03 13:33:04,886 [Worker-147] INFO  o.e.m.c.i.embedder.EclipseLogger - Using 'UTF-8' encoding to copy filtered resources.
2018-10-03 13:33:04,886 [Worker-147] INFO  o.e.m.c.i.embedder.EclipseLogger - skip non existing resourceDirectory D:\BasicProgramProject\Bank-Application\src\test\resources
2018-10-03 13:33:29,842 [Worker-135] INFO  o.e.m.c.i.embedder.EclipseLogger - Using 'UTF-8' encoding to copy filtered resources.
2018-10-03 13:33:29,843 [Worker-135] INFO  o.e.m.c.i.embedder.EclipseLogger - skip non existing resourceDirectory D:\BasicProgramProject\Bank-Application\src\main\resources
2018-10-03 13:33:29,843 [Worker-135] INFO  o.e.m.c.i.embedder.EclipseLogger - Using 'UTF-8' encoding to copy filtered resources.
2018-10-03 13:33:29,843 [Worker-135] INFO  o.e.m.c.i.embedder.EclipseLogger - skip non existing resourceDirectory D:\BasicProgramProject\Bank-Application\src\test\resources
2018-10-03 13:35:04,056 [Worker-150] INFO  o.e.m.c.i.embedder.EclipseLogger - Using 'UTF-8' encoding to copy filtered resources.
2018-10-03 13:35:04,056 [Worker-150] INFO  o.e.m.c.i.embedder.EclipseLogger - skip non existing resourceDirectory D:\BasicProgramProject\Bank-Application\src\main\resources
2018-10-03 13:35:04,057 [Worker-150] INFO  o.e.m.c.i.embedder.EclipseLogger - Using 'UTF-8' encoding to copy filtered resources.
2018-10-03 13:35:04,057 [Worker-150] INFO  o.e.m.c.i.embedder.EclipseLogger - skip non existing resourceDirectory D:\BasicProgramProject\Bank-Application\src\test\resources
2018-10-03 13:35:55,105 [Worker-147] INFO  o.e.m.c.i.embedder.EclipseLogger - Using 'UTF-8' encoding to copy filtered resources.
2018-10-03 13:35:55,105 [Worker-147] INFO  o.e.m.c.i.embedder.EclipseLogger - skip non existing resourceDirectory D:\BasicProgramProject\Bank-Application\src\main\resources
2018-10-03 13:35:55,106 [Worker-147] INFO  o.e.m.c.i.embedder.EclipseLogger - Using 'UTF-8' encoding to copy filtered resources.
2018-10-03 13:35:55,107 [Worker-147] INFO  o.e.m.c.i.embedder.EclipseLogger - skip non existing resourceDirectory D:\BasicProgramProject\Bank-Application\src\test\resources
2018-10-03 13:36:17,884 [Worker-148] INFO  o.e.m.c.i.embedder.EclipseLogger - Using 'UTF-8' encoding to copy filtered resources.
2018-10-03 13:36:17,884 [Worker-148] INFO  o.e.m.c.i.embedder.EclipseLogger - skip non existing resourceDirectory D:\BasicProgramProject\Bank-Application\src\main\resources
2018-10-03 13:36:17,885 [Worker-148] INFO  o.e.m.c.i.embedder.EclipseLogger - Using 'UTF-8' encoding to copy filtered resources.
2018-10-03 13:36:17,885 [Worker-148] INFO  o.e.m.c.i.embedder.EclipseLogger - skip non existing resourceDirectory D:\BasicProgramProject\Bank-Application\src\test\resources
2018-10-03 13:37:12,641 [Worker-149] INFO  o.e.m.c.i.embedder.EclipseLogger - Using 'UTF-8' encoding to copy filtered resources.
2018-10-03 13:37:12,641 [Worker-149] INFO  o.e.m.c.i.embedder.EclipseLogger - skip non existing resourceDirectory D:\BasicProgramProject\Bank-Application\src\main\resources
2018-10-03 13:37:12,641 [Worker-149] INFO  o.e.m.c.i.embedder.EclipseLogger - Using 'UTF-8' encoding to copy filtered resources.
2018-10-03 13:37:12,642 [Worker-149] INFO  o.e.m.c.i.embedder.EclipseLogger - skip non existing resourceDirectory D:\BasicProgramProject\Bank-Application\src\test\resources
2018-10-03 13:37:44,420 [Worker-148] INFO  o.e.m.c.i.embedder.EclipseLogger - Using 'UTF-8' encoding to copy filtered resources.
2018-10-03 13:37:44,420 [Worker-148] INFO  o.e.m.c.i.embedder.EclipseLogger - skip non existing resourceDirectory D:\BasicProgramProject\Bank-Application\src\main\resources
2018-10-03 13:37:44,421 [Worker-148] INFO  o.e.m.c.i.embedder.EclipseLogger - Using 'UTF-8' encoding to copy filtered resources.
2018-10-03 13:37:44,421 [Worker-148] INFO  o.e.m.c.i.embedder.EclipseLogger - skip non existing resourceDirectory D:\BasicProgramProject\Bank-Application\src\test\resources
2018-10-03 13:39:37,015 [Worker-151] INFO  o.e.m.c.i.embedder.EclipseLogger - Using 'UTF-8' encoding to copy filtered resources.
2018-10-03 13:39:37,015 [Worker-151] INFO  o.e.m.c.i.embedder.EclipseLogger - skip non existing resourceDirectory D:\BasicProgramProject\Bank-Application\src\main\resources
2018-10-03 13:39:37,016 [Worker-151] INFO  o.e.m.c.i.embedder.EclipseLogger - Using 'UTF-8' encoding to copy filtered resources.
2018-10-03 13:39:37,016 [Worker-151] INFO  o.e.m.c.i.embedder.EclipseLogger - skip non existing resourceDirectory D:\BasicProgramProject\Bank-Application\src\test\resources
2018-10-03 13:40:21,112 [Worker-149] INFO  o.e.m.c.i.embedder.EclipseLogger - Using 'UTF-8' encoding to copy filtered resources.
2018-10-03 13:40:21,112 [Worker-149] INFO  o.e.m.c.i.embedder.EclipseLogger - skip non existing resourceDirectory D:\BasicProgramProject\Bank-Application\src\main\resources
2018-10-03 13:40:21,113 [Worker-149] INFO  o.e.m.c.i.embedder.EclipseLogger - Using 'UTF-8' encoding to copy filtered resources.
2018-10-03 13:40:21,113 [Worker-149] INFO  o.e.m.c.i.embedder.EclipseLogger - skip non existing resourceDirectory D:\BasicProgramProject\Bank-Application\src\test\resources
2018-10-03 13:43:04,225 [Worker-149] INFO  o.e.m.c.i.embedder.EclipseLogger - Using 'UTF-8' encoding to copy filtered resources.
2018-10-03 13:43:04,225 [Worker-149] INFO  o.e.m.c.i.embedder.EclipseLogger - skip non existing resourceDirectory D:\BasicProgramProject\Bank-Application\src\main\resources
2018-10-03 13:43:04,226 [Worker-149] INFO  o.e.m.c.i.embedder.EclipseLogger - Using 'UTF-8' encoding to copy filtered resources.
2018-10-03 13:43:04,226 [Worker-149] INFO  o.e.m.c.i.embedder.EclipseLogger - skip non existing resourceDirectory D:\BasicProgramProject\Bank-Application\src\test\resources
2018-10-03 13:43:16,377 [Worker-149] INFO  o.e.m.c.i.embedder.EclipseLogger - Using 'UTF-8' encoding to copy filtered resources.
2018-10-03 13:43:16,377 [Worker-149] INFO  o.e.m.c.i.embedder.EclipseLogger - skip non existing resourceDirectory D:\BasicProgramProject\Bank-Application\src\main\resources
2018-10-03 13:43:16,378 [Worker-149] INFO  o.e.m.c.i.embedder.EclipseLogger - Using 'UTF-8' encoding to copy filtered resources.
2018-10-03 13:43:16,378 [Worker-149] INFO  o.e.m.c.i.embedder.EclipseLogger - skip non existing resourceDirectory D:\BasicProgramProject\Bank-Application\src\test\resources
2018-10-03 13:47:28,604 [Worker-158] INFO  o.e.m.c.i.embedder.EclipseLogger - Using 'UTF-8' encoding to copy filtered resources.
2018-10-03 13:47:28,605 [Worker-158] INFO  o.e.m.c.i.embedder.EclipseLogger - skip non existing resourceDirectory D:\BasicProgramProject\Bank-Application\src\main\resources
2018-10-03 13:47:28,605 [Worker-158] INFO  o.e.m.c.i.embedder.EclipseLogger - Using 'UTF-8' encoding to copy filtered resources.
2018-10-03 13:47:28,605 [Worker-158] INFO  o.e.m.c.i.embedder.EclipseLogger - skip non existing resourceDirectory D:\BasicProgramProject\Bank-Application\src\test\resources
2018-10-03 13:49:20,112 [Worker-155] INFO  o.e.m.c.i.embedder.EclipseLogger - Using 'UTF-8' encoding to copy filtered resources.
2018-10-03 13:49:20,112 [Worker-155] INFO  o.e.m.c.i.embedder.EclipseLogger - skip non existing resourceDirectory D:\BasicProgramProject\Bank-Application\src\main\resources
2018-10-03 13:49:20,114 [Worker-155] INFO  o.e.m.c.i.embedder.EclipseLogger - Using 'UTF-8' encoding to copy filtered resources.
2018-10-03 13:49:20,114 [Worker-155] INFO  o.e.m.c.i.embedder.EclipseLogger - skip non existing resourceDirectory D:\BasicProgramProject\Bank-Application\src\test\resources
2018-10-03 14:32:51,003 [Worker-187] INFO  o.e.m.c.i.embedder.EclipseLogger - Using 'UTF-8' encoding to copy filtered resources.
2018-10-03 14:32:51,003 [Worker-187] INFO  o.e.m.c.i.embedder.EclipseLogger - skip non existing resourceDirectory D:\BasicProgramProject\Bank-Application\src\main\resources
2018-10-03 14:32:51,004 [Worker-187] INFO  o.e.m.c.i.embedder.EclipseLogger - Using 'UTF-8' encoding to copy filtered resources.
2018-10-03 14:32:51,004 [Worker-187] INFO  o.e.m.c.i.embedder.EclipseLogger - skip non existing resourceDirectory D:\BasicProgramProject\Bank-Application\src\test\resources
2018-10-03 15:12:18,460 [Worker-210] INFO  o.e.m.c.i.embedder.EclipseLogger - Using 'UTF-8' encoding to copy filtered resources.
2018-10-03 15:12:18,460 [Worker-210] INFO  o.e.m.c.i.embedder.EclipseLogger - skip non existing resourceDirectory D:\BasicProgramProject\Bank-Application\src\main\resources
2018-10-03 15:12:18,461 [Worker-210] INFO  o.e.m.c.i.embedder.EclipseLogger - Using 'UTF-8' encoding to copy filtered resources.
2018-10-03 15:12:18,461 [Worker-210] INFO  o.e.m.c.i.embedder.EclipseLogger - skip non existing resourceDirectory D:\BasicProgramProject\Bank-Application\src\test\resources
2018-10-03 15:12:28,614 [Worker-195] INFO  o.e.m.c.i.embedder.EclipseLogger - Using 'UTF-8' encoding to copy filtered resources.
2018-10-03 15:12:28,614 [Worker-195] INFO  o.e.m.c.i.embedder.EclipseLogger - skip non existing resourceDirectory D:\BasicProgramProject\Bank-Application\src\main\resources
2018-10-03 15:12:28,615 [Worker-195] INFO  o.e.m.c.i.embedder.EclipseLogger - Using 'UTF-8' encoding to copy filtered resources.
2018-10-03 15:12:28,615 [Worker-195] INFO  o.e.m.c.i.embedder.EclipseLogger - skip non existing resourceDirectory D:\BasicProgramProject\Bank-Application\src\test\resources
2018-10-03 15:13:17,036 [Worker-195] INFO  o.e.m.c.i.embedder.EclipseLogger - Using 'UTF-8' encoding to copy filtered resources.
2018-10-03 15:13:17,037 [Worker-195] INFO  o.e.m.c.i.embedder.EclipseLogger - skip non existing resourceDirectory D:\BasicProgramProject\Bank-Application\src\main\resources
2018-10-03 15:13:17,038 [Worker-195] INFO  o.e.m.c.i.embedder.EclipseLogger - Using 'UTF-8' encoding to copy filtered resources.
2018-10-03 15:13:17,038 [Worker-195] INFO  o.e.m.c.i.embedder.EclipseLogger - skip non existing resourceDirectory D:\BasicProgramProject\Bank-Application\src\test\resources
2018-10-03 15:13:38,748 [Worker-210] INFO  o.e.m.c.i.embedder.EclipseLogger - Using 'UTF-8' encoding to copy filtered resources.
2018-10-03 15:13:38,748 [Worker-210] INFO  o.e.m.c.i.embedder.EclipseLogger - skip non existing resourceDirectory D:\BasicProgramProject\Bank-Application\src\main\resources
2018-10-03 15:13:38,749 [Worker-210] INFO  o.e.m.c.i.embedder.EclipseLogger - Using 'UTF-8' encoding to copy filtered resources.
2018-10-03 15:13:38,750 [Worker-210] INFO  o.e.m.c.i.embedder.EclipseLogger - skip non existing resourceDirectory D:\BasicProgramProject\Bank-Application\src\test\resources
2018-10-03 15:13:54,654 [Worker-202] INFO  o.e.m.c.i.embedder.EclipseLogger - Using 'UTF-8' encoding to copy filtered resources.
2018-10-03 15:13:54,654 [Worker-202] INFO  o.e.m.c.i.embedder.EclipseLogger - skip non existing resourceDirectory D:\BasicProgramProject\Bank-Application\src\main\resources
2018-10-03 15:13:54,655 [Worker-202] INFO  o.e.m.c.i.embedder.EclipseLogger - Using 'UTF-8' encoding to copy filtered resources.
2018-10-03 15:13:54,655 [Worker-202] INFO  o.e.m.c.i.embedder.EclipseLogger - skip non existing resourceDirectory D:\BasicProgramProject\Bank-Application\src\test\resources
2018-10-03 15:21:18,253 [Worker-214] INFO  o.e.m.c.i.embedder.EclipseLogger - Using 'UTF-8' encoding to copy filtered resources.
2018-10-03 15:21:18,253 [Worker-214] INFO  o.e.m.c.i.embedder.EclipseLogger - skip non existing resourceDirectory D:\BasicProgramProject\Bank-Application\src\main\resources
2018-10-03 15:21:18,254 [Worker-214] INFO  o.e.m.c.i.embedder.EclipseLogger - Using 'UTF-8' encoding to copy filtered resources.
2018-10-03 15:21:18,254 [Worker-214] INFO  o.e.m.c.i.embedder.EclipseLogger - skip non existing resourceDirectory D:\BasicProgramProject\Bank-Application\src\test\resources
2018-10-03 15:22:22,467 [Worker-214] INFO  o.e.m.c.i.embedder.EclipseLogger - Using 'UTF-8' encoding to copy filtered resources.
2018-10-03 15:22:22,468 [Worker-214] INFO  o.e.m.c.i.embedder.EclipseLogger - skip non existing resourceDirectory D:\BasicProgramProject\Bank-Application\src\main\resources
2018-10-03 15:22:22,468 [Worker-214] INFO  o.e.m.c.i.embedder.EclipseLogger - Using 'UTF-8' encoding to copy filtered resources.
2018-10-03 15:22:22,468 [Worker-214] INFO  o.e.m.c.i.embedder.EclipseLogger - skip non existing resourceDirectory D:\BasicProgramProject\Bank-Application\src\test\resources
2018-10-03 15:23:06,455 [Worker-217] INFO  o.e.m.c.i.embedder.EclipseLogger - Using 'UTF-8' encoding to copy filtered resources.
2018-10-03 15:23:06,455 [Worker-217] INFO  o.e.m.c.i.embedder.EclipseLogger - skip non existing resourceDirectory D:\BasicProgramProject\Bank-Application\src\main\resources
2018-10-03 15:23:06,455 [Worker-217] INFO  o.e.m.c.i.embedder.EclipseLogger - Using 'UTF-8' encoding to copy filtered resources.
2018-10-03 15:23:06,455 [Worker-217] INFO  o.e.m.c.i.embedder.EclipseLogger - skip non existing resourceDirectory D:\BasicProgramProject\Bank-Application\src\test\resources
2018-10-03 15:23:47,571 [Worker-217] INFO  o.e.m.c.i.embedder.EclipseLogger - Using 'UTF-8' encoding to copy filtered resources.
2018-10-03 15:23:47,571 [Worker-217] INFO  o.e.m.c.i.embedder.EclipseLogger - skip non existing resourceDirectory D:\BasicProgramProject\Bank-Application\src\main\resources
2018-10-03 15:23:47,572 [Worker-217] INFO  o.e.m.c.i.embedder.EclipseLogger - Using 'UTF-8' encoding to copy filtered resources.
2018-10-03 15:23:47,572 [Worker-217] INFO  o.e.m.c.i.embedder.EclipseLogger - skip non existing resourceDirectory D:\BasicProgramProject\Bank-Application\src\test\resources
2018-10-03 15:24:37,352 [Worker-216] INFO  o.e.m.c.i.embedder.EclipseLogger - Using 'UTF-8' encoding to copy filtered resources.
2018-10-03 15:24:37,352 [Worker-216] INFO  o.e.m.c.i.embedder.EclipseLogger - skip non existing resourceDirectory D:\BasicProgramProject\Bank-Application\src\main\resources
2018-10-03 15:24:37,353 [Worker-216] INFO  o.e.m.c.i.embedder.EclipseLogger - Using 'UTF-8' encoding to copy filtered resources.
2018-10-03 15:24:37,353 [Worker-216] INFO  o.e.m.c.i.embedder.EclipseLogger - skip non existing resourceDirectory D:\BasicProgramProject\Bank-Application\src\test\resources
2018-10-03 15:27:00,821 [Worker-214] INFO  o.e.m.c.i.embedder.EclipseLogger - Using 'UTF-8' encoding to copy filtered resources.
2018-10-03 15:27:00,821 [Worker-214] INFO  o.e.m.c.i.embedder.EclipseLogger - skip non existing resourceDirectory D:\BasicProgramProject\Bank-Application\src\main\resources
2018-10-03 15:27:00,822 [Worker-214] INFO  o.e.m.c.i.embedder.EclipseLogger - Using 'UTF-8' encoding to copy filtered resources.
2018-10-03 15:27:00,822 [Worker-214] INFO  o.e.m.c.i.embedder.EclipseLogger - skip non existing resourceDirectory D:\BasicProgramProject\Bank-Application\src\test\resources
2018-10-03 16:34:36,824 [Worker-261] INFO  o.e.m.c.i.embedder.EclipseLogger - Using 'UTF-8' encoding to copy filtered resources.
2018-10-03 16:34:36,824 [Worker-261] INFO  o.e.m.c.i.embedder.EclipseLogger - skip non existing resourceDirectory D:\BasicProgramProject\Bank-Application\src\main\resources
2018-10-03 16:34:36,825 [Worker-261] INFO  o.e.m.c.i.embedder.EclipseLogger - Using 'UTF-8' encoding to copy filtered resources.
2018-10-03 16:34:36,826 [Worker-261] INFO  o.e.m.c.i.embedder.EclipseLogger - skip non existing resourceDirectory D:\BasicProgramProject\Bank-Application\src\test\resources
2018-10-03 16:35:17,351 [Worker-265] INFO  o.e.m.c.i.embedder.EclipseLogger - Using 'UTF-8' encoding to copy filtered resources.
2018-10-03 16:35:17,351 [Worker-265] INFO  o.e.m.c.i.embedder.EclipseLogger - skip non existing resourceDirectory D:\BasicProgramProject\Bank-Application\src\main\resources
2018-10-03 16:35:17,352 [Worker-265] INFO  o.e.m.c.i.embedder.EclipseLogger - Using 'UTF-8' encoding to copy filtered resources.
2018-10-03 16:35:17,352 [Worker-265] INFO  o.e.m.c.i.embedder.EclipseLogger - skip non existing resourceDirectory D:\BasicProgramProject\Bank-Application\src\test\resources
2018-10-03 16:35:48,994 [Worker-267] INFO  o.e.m.c.i.embedder.EclipseLogger - Using 'UTF-8' encoding to copy filtered resources.
2018-10-03 16:35:48,994 [Worker-267] INFO  o.e.m.c.i.embedder.EclipseLogger - skip non existing resourceDirectory D:\BasicProgramProject\Bank-Application\src\main\resources
2018-10-03 16:35:48,996 [Worker-267] INFO  o.e.m.c.i.embedder.EclipseLogger - Using 'UTF-8' encoding to copy filtered resources.
2018-10-03 16:35:48,996 [Worker-267] INFO  o.e.m.c.i.embedder.EclipseLogger - skip non existing resourceDirectory D:\BasicProgramProject\Bank-Application\src\test\resources
2018-10-03 16:36:21,129 [Worker-261] INFO  o.e.m.c.i.embedder.EclipseLogger - Using 'UTF-8' encoding to copy filtered resources.
2018-10-03 16:36:21,129 [Worker-261] INFO  o.e.m.c.i.embedder.EclipseLogger - skip non existing resourceDirectory D:\BasicProgramProject\Bank-Application\src\main\resources
2018-10-03 16:36:21,130 [Worker-261] INFO  o.e.m.c.i.embedder.EclipseLogger - Using 'UTF-8' encoding to copy filtered resources.
2018-10-03 16:36:21,130 [Worker-261] INFO  o.e.m.c.i.embedder.EclipseLogger - skip non existing resourceDirectory D:\BasicProgramProject\Bank-Application\src\test\resources
2018-10-03 16:37:27,330 [Worker-269] INFO  o.e.m.c.i.embedder.EclipseLogger - Using 'UTF-8' encoding to copy filtered resources.
2018-10-03 16:37:27,331 [Worker-269] INFO  o.e.m.c.i.embedder.EclipseLogger - skip non existing resourceDirectory D:\BasicProgramProject\Bank-Application\src\main\resources
2018-10-03 16:37:27,332 [Worker-269] INFO  o.e.m.c.i.embedder.EclipseLogger - Using 'UTF-8' encoding to copy filtered resources.
2018-10-03 16:37:27,332 [Worker-269] INFO  o.e.m.c.i.embedder.EclipseLogger - skip non existing resourceDirectory D:\BasicProgramProject\Bank-Application\src\test\resources
2018-10-03 16:38:24,879 [Worker-268] INFO  o.e.m.c.i.embedder.EclipseLogger - Using 'UTF-8' encoding to copy filtered resources.
2018-10-03 16:38:24,879 [Worker-268] INFO  o.e.m.c.i.embedder.EclipseLogger - skip non existing resourceDirectory D:\BasicProgramProject\Bank-Application\src\main\resources
2018-10-03 16:38:24,880 [Worker-268] INFO  o.e.m.c.i.embedder.EclipseLogger - Using 'UTF-8' encoding to copy filtered resources.
2018-10-03 16:38:24,880 [Worker-268] INFO  o.e.m.c.i.embedder.EclipseLogger - skip non existing resourceDirectory D:\BasicProgramProject\Bank-Application\src\test\resources
2018-10-03 16:38:46,615 [Worker-261] INFO  o.e.m.c.i.embedder.EclipseLogger - Using 'UTF-8' encoding to copy filtered resources.
2018-10-03 16:38:46,615 [Worker-261] INFO  o.e.m.c.i.embedder.EclipseLogger - skip non existing resourceDirectory D:\BasicProgramProject\Bank-Application\src\main\resources
2018-10-03 16:38:46,616 [Worker-261] INFO  o.e.m.c.i.embedder.EclipseLogger - Using 'UTF-8' encoding to copy filtered resources.
2018-10-03 16:38:46,616 [Worker-261] INFO  o.e.m.c.i.embedder.EclipseLogger - skip non existing resourceDirectory D:\BasicProgramProject\Bank-Application\src\test\resources
2018-10-03 16:39:49,823 [Worker-271] INFO  o.e.m.c.i.embedder.EclipseLogger - Using 'UTF-8' encoding to copy filtered resources.
2018-10-03 16:39:49,823 [Worker-271] INFO  o.e.m.c.i.embedder.EclipseLogger - skip non existing resourceDirectory D:\BasicProgramProject\Bank-Application\src\main\resources
2018-10-03 16:39:49,824 [Worker-271] INFO  o.e.m.c.i.embedder.EclipseLogger - Using 'UTF-8' encoding to copy filtered resources.
2018-10-03 16:39:49,824 [Worker-271] INFO  o.e.m.c.i.embedder.EclipseLogger - skip non existing resourceDirectory D:\BasicProgramProject\Bank-Application\src\test\resources
2018-10-03 16:40:02,593 [Worker-270] INFO  o.e.m.c.i.embedder.EclipseLogger - Using 'UTF-8' encoding to copy filtered resources.
2018-10-03 16:40:02,593 [Worker-270] INFO  o.e.m.c.i.embedder.EclipseLogger - skip non existing resourceDirectory D:\BasicProgramProject\Bank-Application\src\main\resources
2018-10-03 16:40:02,594 [Worker-270] INFO  o.e.m.c.i.embedder.EclipseLogger - Using 'UTF-8' encoding to copy filtered resources.
2018-10-03 16:40:02,594 [Worker-270] INFO  o.e.m.c.i.embedder.EclipseLogger - skip non existing resourceDirectory D:\BasicProgramProject\Bank-Application\src\test\resources
2018-10-03 16:41:14,619 [Worker-270] INFO  o.e.m.c.i.embedder.EclipseLogger - Using 'UTF-8' encoding to copy filtered resources.
2018-10-03 16:41:14,619 [Worker-270] INFO  o.e.m.c.i.embedder.EclipseLogger - skip non existing resourceDirectory D:\BasicProgramProject\Bank-Application\src\main\resources
2018-10-03 16:41:14,620 [Worker-270] INFO  o.e.m.c.i.embedder.EclipseLogger - Using 'UTF-8' encoding to copy filtered resources.
2018-10-03 16:41:14,620 [Worker-270] INFO  o.e.m.c.i.embedder.EclipseLogger - skip non existing resourceDirectory D:\BasicProgramProject\Bank-Application\src\test\resources
2018-10-03 16:41:36,531 [Worker-261] INFO  o.e.m.c.i.embedder.EclipseLogger - Using 'UTF-8' encoding to copy filtered resources.
2018-10-03 16:41:36,531 [Worker-261] INFO  o.e.m.c.i.embedder.EclipseLogger - skip non existing resourceDirectory D:\BasicProgramProject\Bank-Application\src\main\resources
2018-10-03 16:41:36,532 [Worker-261] INFO  o.e.m.c.i.embedder.EclipseLogger - Using 'UTF-8' encoding to copy filtered resources.
2018-10-03 16:41:36,532 [Worker-261] INFO  o.e.m.c.i.embedder.EclipseLogger - skip non existing resourceDirectory D:\BasicProgramProject\Bank-Application\src\test\resources
2018-10-03 16:41:58,114 [Worker-269] INFO  o.e.m.c.i.embedder.EclipseLogger - Using 'UTF-8' encoding to copy filtered resources.
2018-10-03 16:41:58,115 [Worker-269] INFO  o.e.m.c.i.embedder.EclipseLogger - skip non existing resourceDirectory D:\BasicProgramProject\Bank-Application\src\main\resources
2018-10-03 16:41:58,118 [Worker-269] INFO  o.e.m.c.i.embedder.EclipseLogger - Using 'UTF-8' encoding to copy filtered resources.
2018-10-03 16:41:58,118 [Worker-269] INFO  o.e.m.c.i.embedder.EclipseLogger - skip non existing resourceDirectory D:\BasicProgramProject\Bank-Application\src\test\resources
2018-10-03 16:42:48,860 [Worker-270] INFO  o.e.m.c.i.embedder.EclipseLogger - Using 'UTF-8' encoding to copy filtered resources.
2018-10-03 16:42:48,860 [Worker-270] INFO  o.e.m.c.i.embedder.EclipseLogger - skip non existing resourceDirectory D:\BasicProgramProject\Bank-Application\src\main\resources
2018-10-03 16:42:48,860 [Worker-270] INFO  o.e.m.c.i.embedder.EclipseLogger - Using 'UTF-8' encoding to copy filtered resources.
2018-10-03 16:42:48,861 [Worker-270] INFO  o.e.m.c.i.embedder.EclipseLogger - skip non existing resourceDirectory D:\BasicProgramProject\Bank-Application\src\test\resources
2018-10-03 16:42:53,277 [Worker-266] INFO  o.e.m.c.i.embedder.EclipseLogger - Using 'UTF-8' encoding to copy filtered resources.
2018-10-03 16:42:53,278 [Worker-266] INFO  o.e.m.c.i.embedder.EclipseLogger - skip non existing resourceDirectory D:\BasicProgramProject\Bank-Application\src\main\resources
2018-10-03 16:42:53,279 [Worker-266] INFO  o.e.m.c.i.embedder.EclipseLogger - Using 'UTF-8' encoding to copy filtered resources.
2018-10-03 16:42:53,280 [Worker-266] INFO  o.e.m.c.i.embedder.EclipseLogger - skip non existing resourceDirectory D:\BasicProgramProject\Bank-Application\src\test\resources
2018-10-03 16:44:10,857 [Worker-266] INFO  o.e.m.c.i.embedder.EclipseLogger - Using 'UTF-8' encoding to copy filtered resources.
2018-10-03 16:44:10,857 [Worker-266] INFO  o.e.m.c.i.embedder.EclipseLogger - skip non existing resourceDirectory D:\BasicProgramProject\Bank-Application\src\main\resources
2018-10-03 16:44:10,858 [Worker-266] INFO  o.e.m.c.i.embedder.EclipseLogger - Using 'UTF-8' encoding to copy filtered resources.
2018-10-03 16:44:10,858 [Worker-266] INFO  o.e.m.c.i.embedder.EclipseLogger - skip non existing resourceDirectory D:\BasicProgramProject\Bank-Application\src\test\resources
2018-10-03 16:44:18,360 [Worker-273] INFO  o.e.m.c.i.embedder.EclipseLogger - Using 'UTF-8' encoding to copy filtered resources.
2018-10-03 16:44:18,360 [Worker-273] INFO  o.e.m.c.i.embedder.EclipseLogger - skip non existing resourceDirectory D:\BasicProgramProject\Bank-Application\src\main\resources
2018-10-03 16:44:18,361 [Worker-273] INFO  o.e.m.c.i.embedder.EclipseLogger - Using 'UTF-8' encoding to copy filtered resources.
2018-10-03 16:44:18,361 [Worker-273] INFO  o.e.m.c.i.embedder.EclipseLogger - skip non existing resourceDirectory D:\BasicProgramProject\Bank-Application\src\test\resources
2018-10-03 16:45:13,687 [Worker-261] INFO  o.e.m.c.i.embedder.EclipseLogger - Using 'UTF-8' encoding to copy filtered resources.
2018-10-03 16:45:13,687 [Worker-261] INFO  o.e.m.c.i.embedder.EclipseLogger - skip non existing resourceDirectory D:\BasicProgramProject\Bank-Application\src\main\resources
2018-10-03 16:45:13,688 [Worker-261] INFO  o.e.m.c.i.embedder.EclipseLogger - Using 'UTF-8' encoding to copy filtered resources.
2018-10-03 16:45:13,688 [Worker-261] INFO  o.e.m.c.i.embedder.EclipseLogger - skip non existing resourceDirectory D:\BasicProgramProject\Bank-Application\src\test\resources
2018-10-03 16:45:35,201 [Worker-273] INFO  o.e.m.c.i.embedder.EclipseLogger - Using 'UTF-8' encoding to copy filtered resources.
2018-10-03 16:45:35,202 [Worker-273] INFO  o.e.m.c.i.embedder.EclipseLogger - skip non existing resourceDirectory D:\BasicProgramProject\Bank-Application\src\main\resources
2018-10-03 16:45:35,202 [Worker-273] INFO  o.e.m.c.i.embedder.EclipseLogger - Using 'UTF-8' encoding to copy filtered resources.
2018-10-03 16:45:35,203 [Worker-273] INFO  o.e.m.c.i.embedder.EclipseLogger - skip non existing resourceDirectory D:\BasicProgramProject\Bank-Application\src\test\resources
2018-10-03 16:45:54,966 [Worker-266] INFO  o.e.m.c.i.embedder.EclipseLogger - Using 'UTF-8' encoding to copy filtered resources.
2018-10-03 16:45:54,966 [Worker-266] INFO  o.e.m.c.i.embedder.EclipseLogger - skip non existing resourceDirectory D:\BasicProgramProject\Bank-Application\src\main\resources
2018-10-03 16:45:54,967 [Worker-266] INFO  o.e.m.c.i.embedder.EclipseLogger - Using 'UTF-8' encoding to copy filtered resources.
2018-10-03 16:45:54,967 [Worker-266] INFO  o.e.m.c.i.embedder.EclipseLogger - skip non existing resourceDirectory D:\BasicProgramProject\Bank-Application\src\test\resources
2018-10-03 16:46:04,247 [Worker-266] INFO  o.e.m.c.i.embedder.EclipseLogger - Using 'UTF-8' encoding to copy filtered resources.
2018-10-03 16:46:04,247 [Worker-266] INFO  o.e.m.c.i.embedder.EclipseLogger - skip non existing resourceDirectory D:\BasicProgramProject\Bank-Application\src\main\resources
2018-10-03 16:46:04,247 [Worker-266] INFO  o.e.m.c.i.embedder.EclipseLogger - Using 'UTF-8' encoding to copy filtered resources.
2018-10-03 16:46:04,247 [Worker-266] INFO  o.e.m.c.i.embedder.EclipseLogger - skip non existing resourceDirectory D:\BasicProgramProject\Bank-Application\src\test\resources
2018-10-03 16:46:50,988 [Worker-261] INFO  o.e.m.c.i.embedder.EclipseLogger - Using 'UTF-8' encoding to copy filtered resources.
2018-10-03 16:46:50,988 [Worker-261] INFO  o.e.m.c.i.embedder.EclipseLogger - skip non existing resourceDirectory D:\BasicProgramProject\Bank-Application\src\main\resources
2018-10-03 16:46:50,989 [Worker-261] INFO  o.e.m.c.i.embedder.EclipseLogger - Using 'UTF-8' encoding to copy filtered resources.
2018-10-03 16:46:50,989 [Worker-261] INFO  o.e.m.c.i.embedder.EclipseLogger - skip non existing resourceDirectory D:\BasicProgramProject\Bank-Application\src\test\resources
2018-10-03 16:47:24,857 [Worker-275] INFO  o.e.m.c.i.embedder.EclipseLogger - Using 'UTF-8' encoding to copy filtered resources.
2018-10-03 16:47:24,857 [Worker-275] INFO  o.e.m.c.i.embedder.EclipseLogger - skip non existing resourceDirectory D:\BasicProgramProject\Bank-Application\src\main\resources
2018-10-03 16:47:24,858 [Worker-275] INFO  o.e.m.c.i.embedder.EclipseLogger - Using 'UTF-8' encoding to copy filtered resources.
2018-10-03 16:47:24,858 [Worker-275] INFO  o.e.m.c.i.embedder.EclipseLogger - skip non existing resourceDirectory D:\BasicProgramProject\Bank-Application\src\test\resources
2018-10-03 16:47:49,338 [Worker-261] INFO  o.e.m.c.i.embedder.EclipseLogger - Using 'UTF-8' encoding to copy filtered resources.
2018-10-03 16:47:49,338 [Worker-261] INFO  o.e.m.c.i.embedder.EclipseLogger - skip non existing resourceDirectory D:\BasicProgramProject\Bank-Application\src\main\resources
2018-10-03 16:47:49,338 [Worker-261] INFO  o.e.m.c.i.embedder.EclipseLogger - Using 'UTF-8' encoding to copy filtered resources.
2018-10-03 16:47:49,338 [Worker-261] INFO  o.e.m.c.i.embedder.EclipseLogger - skip non existing resourceDirectory D:\BasicProgramProject\Bank-Application\src\test\resources
2018-10-03 16:48:22,638 [Worker-275] INFO  o.e.m.c.i.embedder.EclipseLogger - Using 'UTF-8' encoding to copy filtered resources.
2018-10-03 16:48:22,639 [Worker-275] INFO  o.e.m.c.i.embedder.EclipseLogger - skip non existing resourceDirectory D:\BasicProgramProject\Bank-Application\src\main\resources
2018-10-03 16:48:22,640 [Worker-275] INFO  o.e.m.c.i.embedder.EclipseLogger - Using 'UTF-8' encoding to copy filtered resources.
2018-10-03 16:48:22,640 [Worker-275] INFO  o.e.m.c.i.embedder.EclipseLogger - skip non existing resourceDirectory D:\BasicProgramProject\Bank-Application\src\test\resources
2018-10-03 16:48:34,777 [Worker-273] INFO  o.e.m.c.i.embedder.EclipseLogger - Using 'UTF-8' encoding to copy filtered resources.
2018-10-03 16:48:34,777 [Worker-273] INFO  o.e.m.c.i.embedder.EclipseLogger - skip non existing resourceDirectory D:\BasicProgramProject\Bank-Application\src\main\resources
2018-10-03 16:48:34,778 [Worker-273] INFO  o.e.m.c.i.embedder.EclipseLogger - Using 'UTF-8' encoding to copy filtered resources.
2018-10-03 16:48:34,779 [Worker-273] INFO  o.e.m.c.i.embedder.EclipseLogger - skip non existing resourceDirectory D:\BasicProgramProject\Bank-Application\src\test\resources
2018-10-03 16:54:21,683 [Worker-278] INFO  o.e.m.c.i.embedder.EclipseLogger - Using 'UTF-8' encoding to copy filtered resources.
2018-10-03 16:54:21,683 [Worker-278] INFO  o.e.m.c.i.embedder.EclipseLogger - skip non existing resourceDirectory D:\BasicProgramProject\Bank-Application\src\main\resources
2018-10-03 16:54:21,684 [Worker-278] INFO  o.e.m.c.i.embedder.EclipseLogger - Using 'UTF-8' encoding to copy filtered resources.
2018-10-03 16:54:21,684 [Worker-278] INFO  o.e.m.c.i.embedder.EclipseLogger - skip non existing resourceDirectory D:\BasicProgramProject\Bank-Application\src\test\resources
2018-10-03 16:55:05,904 [Worker-277] INFO  o.e.m.c.i.embedder.EclipseLogger - Using 'UTF-8' encoding to copy filtered resources.
2018-10-03 16:55:05,905 [Worker-277] INFO  o.e.m.c.i.embedder.EclipseLogger - skip non existing resourceDirectory D:\BasicProgramProject\Bank-Application\src\main\resources
2018-10-03 16:55:05,905 [Worker-277] INFO  o.e.m.c.i.embedder.EclipseLogger - Using 'UTF-8' encoding to copy filtered resources.
2018-10-03 16:55:05,906 [Worker-277] INFO  o.e.m.c.i.embedder.EclipseLogger - skip non existing resourceDirectory D:\BasicProgramProject\Bank-Application\src\test\resources
2018-10-03 16:56:07,644 [Worker-278] INFO  o.e.m.c.i.embedder.EclipseLogger - Using 'UTF-8' encoding to copy filtered resources.
2018-10-03 16:56:07,644 [Worker-278] INFO  o.e.m.c.i.embedder.EclipseLogger - skip non existing resourceDirectory D:\BasicProgramProject\Bank-Application\src\main\resources
2018-10-03 16:56:07,645 [Worker-278] INFO  o.e.m.c.i.embedder.EclipseLogger - Using 'UTF-8' encoding to copy filtered resources.
2018-10-03 16:56:07,645 [Worker-278] INFO  o.e.m.c.i.embedder.EclipseLogger - skip non existing resourceDirectory D:\BasicProgramProject\Bank-Application\src\test\resources
2018-10-03 16:57:44,736 [Worker-281] INFO  o.e.m.c.i.embedder.EclipseLogger - Using 'UTF-8' encoding to copy filtered resources.
2018-10-03 16:57:44,736 [Worker-281] INFO  o.e.m.c.i.embedder.EclipseLogger - skip non existing resourceDirectory D:\BasicProgramProject\Bank-Application\src\main\resources
2018-10-03 16:57:44,737 [Worker-281] INFO  o.e.m.c.i.embedder.EclipseLogger - Using 'UTF-8' encoding to copy filtered resources.
2018-10-03 16:57:44,737 [Worker-281] INFO  o.e.m.c.i.embedder.EclipseLogger - skip non existing resourceDirectory D:\BasicProgramProject\Bank-Application\src\test\resources
2018-10-03 16:58:52,435 [Worker-280] INFO  o.e.m.c.i.embedder.EclipseLogger - Using 'UTF-8' encoding to copy filtered resources.
2018-10-03 16:58:52,436 [Worker-280] INFO  o.e.m.c.i.embedder.EclipseLogger - skip non existing resourceDirectory D:\BasicProgramProject\Bank-Application\src\main\resources
2018-10-03 16:58:52,436 [Worker-280] INFO  o.e.m.c.i.embedder.EclipseLogger - Using 'UTF-8' encoding to copy filtered resources.
2018-10-03 16:58:52,436 [Worker-280] INFO  o.e.m.c.i.embedder.EclipseLogger - skip non existing resourceDirectory D:\BasicProgramProject\Bank-Application\src\test\resources
2018-10-03 16:58:57,663 [Worker-273] INFO  o.e.m.c.i.embedder.EclipseLogger - Using 'UTF-8' encoding to copy filtered resources.
2018-10-03 16:58:57,663 [Worker-273] INFO  o.e.m.c.i.embedder.EclipseLogger - skip non existing resourceDirectory D:\BasicProgramProject\Bank-Application\src\main\resources
2018-10-03 16:58:57,663 [Worker-273] INFO  o.e.m.c.i.embedder.EclipseLogger - Using 'UTF-8' encoding to copy filtered resources.
2018-10-03 16:58:57,664 [Worker-273] INFO  o.e.m.c.i.embedder.EclipseLogger - skip non existing resourceDirectory D:\BasicProgramProject\Bank-Application\src\test\resources
2018-10-03 16:59:35,213 [Worker-280] INFO  o.e.m.c.i.embedder.EclipseLogger - Using 'UTF-8' encoding to copy filtered resources.
2018-10-03 16:59:35,213 [Worker-280] INFO  o.e.m.c.i.embedder.EclipseLogger - skip non existing resourceDirectory D:\BasicProgramProject\Bank-Application\src\main\resources
2018-10-03 16:59:35,214 [Worker-280] INFO  o.e.m.c.i.embedder.EclipseLogger - Using 'UTF-8' encoding to copy filtered resources.
2018-10-03 16:59:35,214 [Worker-280] INFO  o.e.m.c.i.embedder.EclipseLogger - skip non existing resourceDirectory D:\BasicProgramProject\Bank-Application\src\test\resources
2018-10-03 17:00:53,730 [Worker-280] INFO  o.e.m.c.i.embedder.EclipseLogger - Using 'UTF-8' encoding to copy filtered resources.
2018-10-03 17:00:53,730 [Worker-280] INFO  o.e.m.c.i.embedder.EclipseLogger - skip non existing resourceDirectory D:\BasicProgramProject\Bank-Application\src\main\resources
2018-10-03 17:00:53,731 [Worker-280] INFO  o.e.m.c.i.embedder.EclipseLogger - Using 'UTF-8' encoding to copy filtered resources.
2018-10-03 17:00:53,731 [Worker-280] INFO  o.e.m.c.i.embedder.EclipseLogger - skip non existing resourceDirectory D:\BasicProgramProject\Bank-Application\src\test\resources
2018-10-03 17:01:13,365 [Worker-281] INFO  o.e.m.c.i.embedder.EclipseLogger - Using 'UTF-8' encoding to copy filtered resources.
2018-10-03 17:01:13,365 [Worker-281] INFO  o.e.m.c.i.embedder.EclipseLogger - skip non existing resourceDirectory D:\BasicProgramProject\Bank-Application\src\main\resources
2018-10-03 17:01:13,366 [Worker-281] INFO  o.e.m.c.i.embedder.EclipseLogger - Using 'UTF-8' encoding to copy filtered resources.
2018-10-03 17:01:13,366 [Worker-281] INFO  o.e.m.c.i.embedder.EclipseLogger - skip non existing resourceDirectory D:\BasicProgramProject\Bank-Application\src\test\resources
